<?xml version="1.0" encoding="UTF-8"?>
<testng-results ignored="0" total="1" passed="1" failed="0" skipped="0">
  <reporter-output>
    <line>
      <![CDATA[sample 1]]>
    </line>
  </reporter-output>
  <suite started-at="2024-02-09T12:18:48 IST" name="Default suite" finished-at="2024-02-09T12:18:48 IST" duration-ms="104">
    <groups>
    </groups>
    <test started-at="2024-02-09T12:18:48 IST" name="Default test" finished-at="2024-02-09T12:18:48 IST" duration-ms="104">
      <class name="TestScript.Sample1Test">
        <test-method signature="testCase()[pri:0, instance:TestScript.Sample1Test@3c19aaa5]" started-at="2024-02-09T12:18:48 IST" name="testCase" finished-at="2024-02-09T12:18:48 IST" duration-ms="21" status="PASS">
          <reporter-output>
            <line>
              <![CDATA[sample 1]]>
            </line>
          </reporter-output>
        </test-method> <!-- testCase -->
      </class> <!-- TestScript.Sample1Test -->
    </test> <!-- Default test -->
  </suite> <!-- Default suite -->
</testng-results>
